<?xml version="1.0" encoding="UTF-8"?>
<!-- Generated by org.testng.reporters.JUnitReportReporter -->
<testsuite hostname="LAPTOP-LR6O3IC6" name="qaclickacademy.Mavenjava.RESTAPITest" tests="2" failures="0" timestamp="14 Jul 2020 03:11:32 GMT" time="0.015" errors="0">
  <testcase name="postJira" time="0.000" classname="qaclickacademy.Mavenjava.RESTAPITest"/>
  <testcase name="deleteTwitter" time="0.015" classname="qaclickacademy.Mavenjava.RESTAPITest"/>
</testsuite> <!-- qaclickacademy.Mavenjava.RESTAPITest -->
