<?xml version="1.0" encoding="UTF-8"?>
<!-- Generated by org.testng.reporters.JUnitReportReporter -->
<testsuite skipped="0" hostname="LAPTOP-LR6O3IC6" name="qaclickacademy.Mavenjava.AppiumTest" tests="2" failures="0" timestamp="15 Jul 2020 02:49:03 GMT" time="0.016" errors="0">
  <testcase name="NativeAPpAndroid" time="0.000" classname="qaclickacademy.Mavenjava.AppiumTest"/>
  <testcase name="IOSApps" time="0.016" classname="qaclickacademy.Mavenjava.AppiumTest"/>
</testsuite> <!-- qaclickacademy.Mavenjava.AppiumTest -->
