<?xml version="1.0" encoding="UTF-8"?>
<!-- Generated by org.testng.reporters.JUnitReportReporter -->
<testsuite skipped="0" hostname="LAPTOP-LR6O3IC6" name="qaclickacademy.Mavenjava.SeleniumTest" tests="2" failures="0" timestamp="15 Jul 2020 02:49:03 GMT" time="0.000" errors="0">
  <testcase name="elementsUi" time="0.000" classname="qaclickacademy.Mavenjava.SeleniumTest"/>
  <testcase name="BrowserAUtomation" time="0.000" classname="qaclickacademy.Mavenjava.SeleniumTest"/>
</testsuite> <!-- qaclickacademy.Mavenjava.SeleniumTest -->
